<?xml version="1.0" encoding="UTF-8"?>
<!-- Generated by org.testng.reporters.JUnitReportReporter -->
<testsuite hostname="Doaas-MacBook-Pro.local" failures="0" tests="1" name="tests.CatFactAPI" time="2.335" errors="0" timestamp="2020-05-24T13:31:45 EET" skipped="0">
  <testcase classname="tests.CatFactAPI" name="getCatFact" time="2.335"/>
  <system-out/>
</testsuite> <!-- tests.CatFactAPI -->
