<?xml version="1.0" encoding="UTF-8"?>
<!-- Generated by org.testng.reporters.JUnitReportReporter -->
<testsuite hostname="Doaas-MacBook-Pro.local" failures="0" tests="3" name="Selenium.Terkwaz.googlee" time="5.646" errors="0" timestamp="2020-05-20T06:19:34 EET" skipped="0">
  <testcase classname="Selenium.Terkwaz.googlee" name="printloly" time="0.002"/>
  <system-out/>
  <testcase classname="Selenium.Terkwaz.googlee" name="Openurl" time="5.643"/>
  <system-out/>
  <testcase classname="Selenium.Terkwaz.googlee" name="print" time="0.001"/>
  <system-out/>
</testsuite> <!-- Selenium.Terkwaz.googlee -->
